<?xml version="1.0" encoding="UTF-8"?>
<testng-results ignored="0" total="1" passed="1" failed="0" skipped="0">
  <reporter-output>
  </reporter-output>
  <suite started-at="2021-09-26T17:47:10 IST" name="Default suite" finished-at="2021-09-26T17:47:32 IST" duration-ms="22070">
    <groups>
    </groups>
    <test started-at="2021-09-26T17:47:10 IST" name="Default test" finished-at="2021-09-26T17:47:32 IST" duration-ms="22070">
      <class name="smokeTest.AmazonTest">
        <test-method signature="Amazon()[pri:0, instance:smokeTest.AmazonTest@47af7f3d]" started-at="2021-09-26T17:47:10 IST" name="Amazon" finished-at="2021-09-26T17:47:32 IST" duration-ms="21980" status="PASS">
          <reporter-output>
          </reporter-output>
        </test-method> <!-- Amazon -->
      </class> <!-- smokeTest.AmazonTest -->
    </test> <!-- Default test -->
  </suite> <!-- Default suite -->
</testng-results>
